Arguments: 
  C:\Program Files\nodejs\node.exe C:\Users\Qc\AppData\Roaming\npm\node_modules\yarn\bin\yarn.js install

PATH: 
  C:\Program Files\Common Files\Oracle\Java\javapath;C:\WINDOWS\system32;C:\WINDOWS;C:\WINDOWS\System32\Wbem;C:\WINDOWS\System32\WindowsPowerShell\v1.0\;C:\WINDOWS\System32\OpenSSH\;C:\ProgramData\chocolatey\bin;C:\Program Files\nodejs\;C:\Program Files\Condusiv Technologies\ExpressCache\;C:\Program Files\Git\cmd;C:\Users\Qc\AppData\Local\Android\Sdk\platform-tools;C:\Program Files\Android\Android Studio\plugins\java;C:\Program Files\PuTTY\;C:\Users\Qc\AppData\Local\Microsoft\WindowsApps;C:\Users\Qc\AppData\Local\Programs\Microsoft VS Code\bin;C:\Users\Qc\AppData\Roaming\npm;C:\Users\Qc\AppData\Local\GitHubDesktop\bin;

Yarn version: 
  1.22.18

Node version: 
  16.15.0

Platform: 
  win32 x64

Trace: 
  Error: getaddrinfo ENOTFOUND registry.yarnpkg.com
      at GetAddrInfoReqWrap.onlookup [as oncomplete] (node:dns:71:26)

npm manifest: 
  {
    "name": "stripe-sample-accept-a-payment",
    "version": "1.0.0",
    "description": "Stripe payment sample.",
    "main": "server.js",
    "scripts": {
      "start": "node server.js",
      "test": "echo \"Error: no test specified\" && exit 1",
      "format": "prettier --write \"**/*.{js,jsx}\""
    },
    "author": "stripe-samples",
    "license": "ISC",
    "dependencies": {
      "body-parser": "^1.19.0",
      "dotenv": "^10.0.0",
      "express": "^4.17.1",
      "stripe": "^8.191.0"
    },
    "devDependencies": {
      "prettier": "^2.7.1"
    }
  }

yarn manifest: 
  No manifest

Lockfile: 
  No lockfile
